2022-11-07 13:39:31,636 django.utils.autoreload INFO     Watching for file changes with StatReloader
2022-11-07 13:40:52,049 projectApp.views WARNING  Platform is running at risk
2022-11-07 13:42:37,886 django.utils.autoreload INFO     C:\pythonProject\django-project\sopGenerator\projectApp\views.py changed, reloading.
2022-11-07 13:42:38,603 django.utils.autoreload INFO     Watching for file changes with StatReloader
2022-11-07 13:46:21,898 django.utils.autoreload INFO     Watching for file changes with StatReloader
2022-11-07 13:46:32,467 projectApp.views INFO     index page is apear...
2022-11-07 17:07:13,885 django.utils.autoreload INFO     Watching for file changes with StatReloader
2022-11-07 17:07:40,847 projectApp.views INFO     index page is apear...
2022-11-07 17:07:42,042 django.request WARNING  Not Found: /favicon.ico
2022-11-07 17:10:09,997 projectApp.views INFO     index page is apear...
2022-11-07 17:16:25,866 projectApp.views INFO     index page is apear...
2022-11-07 18:03:11,824 projectApp.views INFO     index page is apear...
2022-11-07 18:04:56,708 projectApp.views INFO     index page is apear...
2022-11-07 18:06:14,570 projectApp.views INFO     index page is apear...
2022-11-07 18:06:17,467 projectApp.views INFO     index page is apear...
2022-11-07 18:06:40,484 projectApp.views INFO     index page is apear...
2022-11-07 18:06:41,114 projectApp.views INFO     index page is apear...
2022-11-07 18:06:41,329 projectApp.views INFO     index page is apear...
2022-11-07 18:06:41,553 projectApp.views INFO     index page is apear...
2022-11-07 18:06:42,105 projectApp.views INFO     index page is apear...
2022-11-07 18:07:57,973 projectApp.views INFO     index page is apear...
2022-11-07 18:08:00,340 projectApp.views INFO     index page is apear...
2022-11-07 18:08:00,866 projectApp.views INFO     index page is apear...
2022-11-07 18:10:24,715 projectApp.views INFO     index page is apear...
2022-11-07 18:12:28,829 projectApp.views INFO     index page is apear...
2022-11-07 18:13:25,953 projectApp.views INFO     index page is apear...
2022-11-07 18:16:43,045 projectApp.views INFO     index page is apear...
2022-11-07 18:17:15,796 projectApp.views INFO     index page is apear...
2022-11-07 18:17:41,904 projectApp.views INFO     index page is apear...
2022-11-07 18:18:39,911 projectApp.views INFO     index page is apear...
2022-11-07 18:19:36,936 projectApp.views INFO     index page is apear...
2022-11-07 18:22:34,985 projectApp.views INFO     index page is apear...
2022-11-07 18:23:55,709 projectApp.views INFO     index page is apear...
2022-11-07 18:29:15,647 projectApp.views INFO     index page is apear...
2022-11-07 18:30:41,636 projectApp.views INFO     index page is apear...
2022-11-07 18:30:54,811 projectApp.views INFO     index page is apear...
2022-11-07 18:30:59,781 projectApp.views INFO     index page is apear...
2022-11-07 18:31:01,286 projectApp.views INFO     index page is apear...
2022-11-07 18:31:02,725 projectApp.views INFO     index page is apear...
2022-11-07 18:32:18,164 projectApp.views INFO     index page is apear...
2022-11-07 18:32:19,275 projectApp.views INFO     index page is apear...
2022-11-07 18:32:19,640 projectApp.views INFO     index page is apear...
2022-11-07 18:32:19,841 projectApp.views INFO     index page is apear...
2022-11-07 18:32:20,029 projectApp.views INFO     index page is apear...
2022-11-07 18:32:20,253 projectApp.views INFO     index page is apear...
2022-11-07 18:32:44,620 projectApp.views INFO     index page is apear...
2022-11-07 18:32:46,632 projectApp.views INFO     index page is apear...
2022-11-07 18:32:48,307 projectApp.views INFO     index page is apear...
2022-11-07 18:32:58,767 projectApp.views INFO     index page is apear...
2022-11-07 18:32:59,205 projectApp.views INFO     index page is apear...
2022-11-07 18:32:59,595 projectApp.views INFO     index page is apear...
2022-11-07 18:32:59,806 projectApp.views INFO     index page is apear...
2022-11-07 18:33:00,018 projectApp.views INFO     index page is apear...
2022-11-07 18:33:00,355 projectApp.views INFO     index page is apear...
2022-11-07 18:33:00,537 projectApp.views INFO     index page is apear...
2022-11-07 18:33:00,717 projectApp.views INFO     index page is apear...
2022-11-07 18:33:00,867 projectApp.views INFO     index page is apear...
2022-11-07 18:33:01,059 projectApp.views INFO     index page is apear...
2022-11-07 18:33:01,968 projectApp.views INFO     index page is apear...
2022-11-07 18:33:02,139 projectApp.views INFO     index page is apear...
2022-11-07 18:33:02,328 projectApp.views INFO     index page is apear...
2022-11-07 18:33:02,521 projectApp.views INFO     index page is apear...
2022-11-07 18:33:03,420 projectApp.views INFO     index page is apear...
2022-11-07 18:33:03,596 projectApp.views INFO     index page is apear...
2022-11-07 18:33:03,769 projectApp.views INFO     index page is apear...
2022-11-07 18:33:03,947 projectApp.views INFO     index page is apear...
2022-11-07 18:33:04,176 projectApp.views INFO     index page is apear...
2022-11-07 18:33:05,099 projectApp.views INFO     index page is apear...
2022-11-07 18:33:05,287 projectApp.views INFO     index page is apear...
2022-11-07 18:33:05,474 projectApp.views INFO     index page is apear...
2022-11-07 18:33:05,662 projectApp.views INFO     index page is apear...
2022-11-07 18:33:06,432 projectApp.views INFO     index page is apear...
2022-11-07 18:33:06,617 projectApp.views INFO     index page is apear...
2022-11-07 18:33:06,803 projectApp.views INFO     index page is apear...
2022-11-07 18:34:12,517 projectApp.views INFO     index page is apear...
2022-11-09 16:53:03,387 django.utils.autoreload INFO     Watching for file changes with StatReloader
2022-11-09 16:53:11,876 projectApp.views INFO     index page is apear...
2022-11-09 16:53:34,154 django.request WARNING  Not Found: /favicon.ico
2022-11-09 16:57:41,668 projectApp.views INFO     index page is apear...
2022-11-09 16:59:15,567 projectApp.views INFO     index page is apear...
2022-11-09 17:00:14,695 projectApp.views INFO     index page is apear...
2022-11-09 17:01:40,259 projectApp.views INFO     index page is apear...
2022-11-09 17:05:32,910 projectApp.views INFO     index page is apear...
2022-11-09 17:06:04,581 projectApp.views INFO     index page is apear...
2022-11-09 17:06:07,992 projectApp.views INFO     index page is apear...
2022-11-09 17:07:03,085 projectApp.views INFO     index page is apear...
2022-11-09 17:13:05,825 projectApp.views INFO     index page is apear...
2022-11-09 17:13:38,211 projectApp.views INFO     index page is apear...
2022-11-09 17:14:32,621 projectApp.views INFO     index page is apear...
2022-11-09 17:14:35,960 projectApp.views INFO     index page is apear...
2022-11-09 17:14:37,346 projectApp.views INFO     index page is apear...
2022-11-09 17:14:39,594 projectApp.views INFO     index page is apear...
2022-11-09 17:17:46,076 projectApp.views INFO     index page is apear...
2022-11-09 17:18:51,723 projectApp.views INFO     index page is apear...
2022-11-09 17:20:22,545 projectApp.views INFO     index page is apear...
2022-11-09 17:22:59,726 projectApp.views INFO     index page is apear...
2022-11-09 17:24:25,231 projectApp.views INFO     index page is apear...
2022-11-09 17:24:46,608 projectApp.views INFO     index page is apear...
2022-11-14 14:11:49,871 django.utils.autoreload INFO     Watching for file changes with StatReloader
2022-11-14 14:12:04,881 projectApp.views INFO     index page is apear...
2022-11-14 14:12:05,022 django.request WARNING  Not Found: /favicon.ico
2022-11-14 14:15:31,908 projectApp.views INFO     index page is apear...
2022-11-14 14:17:00,620 projectApp.views INFO     index page is apear...
2022-11-14 14:19:09,924 projectApp.views INFO     index page is apear...
2022-11-14 14:20:13,668 projectApp.views INFO     index page is apear...
2022-11-14 14:22:14,188 projectApp.views INFO     index page is apear...
2022-11-14 14:24:26,067 projectApp.views INFO     index page is apear...
2022-11-14 14:24:53,001 projectApp.views INFO     index page is apear...
2022-11-14 14:27:22,637 projectApp.views INFO     index page is apear...
2022-11-14 14:28:05,643 projectApp.views INFO     index page is apear...
2022-11-14 14:29:34,390 projectApp.views INFO     index page is apear...
2022-11-14 14:53:11,937 django.utils.autoreload INFO     Watching for file changes with StatReloader
2022-11-14 14:53:28,125 projectApp.views INFO     index page is apear...
2022-11-14 14:53:29,832 django.request WARNING  Not Found: /favicon.ico
2022-11-14 14:58:31,022 projectApp.views INFO     index page is apear...
2022-11-14 14:58:35,522 projectApp.views INFO     index page is apear...
2022-11-14 14:58:36,331 projectApp.views INFO     index page is apear...
2022-11-14 14:58:37,025 projectApp.views INFO     index page is apear...
2022-11-14 14:58:37,959 projectApp.views INFO     index page is apear...
2022-11-14 14:58:38,695 projectApp.views INFO     index page is apear...
2022-11-14 14:58:39,536 projectApp.views INFO     index page is apear...
2022-11-14 14:58:40,308 projectApp.views INFO     index page is apear...
2022-11-14 15:01:38,057 projectApp.views INFO     index page is apear...
2022-11-14 15:01:39,391 projectApp.views INFO     index page is apear...
2022-11-14 15:01:40,599 projectApp.views INFO     index page is apear...
2022-11-14 15:01:42,258 projectApp.views INFO     index page is apear...
2022-11-14 15:01:43,225 projectApp.views INFO     index page is apear...
2022-11-14 15:01:43,411 projectApp.views INFO     index page is apear...
2022-11-14 15:01:43,585 projectApp.views INFO     index page is apear...
2022-11-14 15:01:47,262 projectApp.views INFO     index page is apear...
2022-11-14 15:01:48,772 projectApp.views INFO     index page is apear...
2022-11-14 15:01:50,403 projectApp.views INFO     index page is apear...
2022-11-14 15:01:50,652 projectApp.views INFO     index page is apear...
2022-11-14 15:01:50,828 projectApp.views INFO     index page is apear...
2022-11-14 15:01:50,995 projectApp.views INFO     index page is apear...
2022-11-14 15:01:51,163 projectApp.views INFO     index page is apear...
2022-11-14 15:02:34,805 projectApp.views INFO     index page is apear...
2022-11-14 15:02:36,231 projectApp.views INFO     index page is apear...
2022-11-14 15:02:37,484 projectApp.views INFO     index page is apear...
2022-11-14 15:02:38,577 projectApp.views INFO     index page is apear...
2022-11-14 15:02:39,325 projectApp.views INFO     index page is apear...
2022-11-14 15:02:40,180 projectApp.views INFO     index page is apear...
2022-11-14 15:03:04,900 projectApp.views INFO     index page is apear...
2022-11-14 15:03:10,723 projectApp.views INFO     index page is apear...
2022-11-14 17:08:28,138 projectApp.views INFO     index page is apear...
2022-11-14 17:14:52,612 projectApp.views INFO     index page is apear...
2022-11-14 17:14:54,100 projectApp.views INFO     index page is apear...
2022-11-14 17:14:55,148 projectApp.views INFO     index page is apear...
2022-11-14 17:14:55,750 projectApp.views INFO     index page is apear...
2022-11-14 17:14:56,713 projectApp.views INFO     index page is apear...
2022-11-14 17:14:56,908 projectApp.views INFO     index page is apear...
2022-11-14 17:14:57,100 projectApp.views INFO     index page is apear...
2022-11-14 17:14:57,930 projectApp.views INFO     index page is apear...
2022-11-14 17:14:58,658 projectApp.views INFO     index page is apear...
2022-11-14 17:14:59,391 projectApp.views INFO     index page is apear...
2022-11-14 17:15:00,151 projectApp.views INFO     index page is apear...
2022-11-14 17:15:00,654 projectApp.views INFO     index page is apear...
2022-11-14 17:15:01,601 projectApp.views INFO     index page is apear...
2022-11-14 17:15:02,450 projectApp.views INFO     index page is apear...
2022-11-14 17:15:03,194 projectApp.views INFO     index page is apear...
2022-11-14 17:15:04,084 projectApp.views INFO     index page is apear...
2022-11-14 17:24:48,072 projectApp.views INFO     index page is apear...
2022-11-14 17:25:20,985 projectApp.views INFO     index page is apear...
2022-11-14 17:26:19,835 projectApp.views INFO     index page is apear...
2022-11-14 17:28:10,833 projectApp.views INFO     index page is apear...
2022-11-14 17:35:30,526 projectApp.views INFO     index page is apear...
2022-11-14 17:38:25,074 projectApp.views INFO     index page is apear...
2022-11-14 17:44:48,956 projectApp.views INFO     index page is apear...
2022-11-14 17:44:50,197 projectApp.views INFO     index page is apear...
2022-11-14 17:45:53,380 projectApp.views INFO     index page is apear...
2022-11-14 17:46:20,872 projectApp.views INFO     index page is apear...
2022-11-14 17:48:15,606 projectApp.views INFO     index page is apear...
2022-11-14 17:48:46,526 projectApp.views INFO     index page is apear...
2022-11-14 17:49:11,381 projectApp.views INFO     index page is apear...
2022-11-14 17:49:28,847 projectApp.views INFO     index page is apear...
2022-11-14 17:50:05,387 projectApp.views INFO     index page is apear...
2022-11-14 17:53:35,451 projectApp.views INFO     index page is apear...
2022-11-14 17:55:40,653 projectApp.views INFO     index page is apear...
2022-11-14 17:56:22,447 projectApp.views INFO     index page is apear...
2022-11-14 17:56:43,695 projectApp.views INFO     index page is apear...
2022-11-14 17:57:49,740 projectApp.views INFO     index page is apear...
2022-11-14 18:00:37,469 projectApp.views INFO     index page is apear...
2022-11-14 18:00:57,713 projectApp.views INFO     index page is apear...
2022-11-14 18:01:18,560 projectApp.views INFO     index page is apear...
2022-11-14 18:03:08,745 projectApp.views INFO     index page is apear...
2022-11-14 18:04:55,485 projectApp.views INFO     index page is apear...
2022-11-14 18:05:24,793 projectApp.views INFO     index page is apear...
2022-11-14 18:05:56,069 projectApp.views INFO     index page is apear...
2022-11-14 18:07:10,529 projectApp.views INFO     index page is apear...
2022-11-14 18:07:50,461 projectApp.views INFO     index page is apear...
2022-11-14 18:15:24,466 projectApp.views INFO     index page is apear...
2022-11-14 18:16:57,882 projectApp.views INFO     index page is apear...
2022-11-14 18:17:04,482 projectApp.views INFO     index page is apear...
2022-11-14 18:17:35,579 projectApp.views INFO     index page is apear...
2022-11-14 18:21:32,871 projectApp.views INFO     index page is apear...
2022-11-14 18:21:56,237 projectApp.views INFO     index page is apear...
2022-11-14 18:23:10,256 projectApp.views INFO     index page is apear...
2022-11-14 18:26:11,292 projectApp.views INFO     index page is apear...
2022-11-14 18:26:33,794 projectApp.views INFO     index page is apear...
2022-11-14 18:26:46,492 projectApp.views INFO     index page is apear...
2022-11-14 19:43:55,900 projectApp.views INFO     index page is apear...
2022-11-14 19:45:10,033 projectApp.views INFO     index page is apear...
2022-11-14 19:45:58,193 projectApp.views INFO     index page is apear...
2022-11-14 19:47:44,064 projectApp.views INFO     index page is apear...
2022-11-14 19:47:47,714 projectApp.views INFO     index page is apear...
2022-11-14 19:48:02,033 projectApp.views INFO     index page is apear...
2022-11-14 19:48:02,780 projectApp.views INFO     index page is apear...
2022-11-14 19:48:36,628 projectApp.views INFO     index page is apear...
2022-11-14 19:48:39,670 projectApp.views INFO     index page is apear...
2022-11-14 19:48:40,003 projectApp.views INFO     index page is apear...
2022-11-14 19:48:40,308 projectApp.views INFO     index page is apear...
2022-11-14 19:48:50,749 projectApp.views INFO     index page is apear...
2022-11-14 19:48:51,181 projectApp.views INFO     index page is apear...
2022-11-14 19:48:59,931 projectApp.views INFO     index page is apear...
2022-11-14 19:49:13,356 projectApp.views INFO     index page is apear...
2022-11-14 19:50:15,590 projectApp.views INFO     index page is apear...
2022-11-14 19:50:16,148 projectApp.views INFO     index page is apear...
2022-11-14 19:50:28,185 django.utils.autoreload INFO     Watching for file changes with StatReloader
2022-11-14 19:50:34,375 projectApp.views INFO     index page is apear...
2022-11-14 19:51:06,803 projectApp.views INFO     index page is apear...
2022-11-14 19:51:59,896 projectApp.views INFO     index page is apear...
2022-11-14 19:53:47,288 projectApp.views INFO     index page is apear...
2022-11-14 19:55:04,648 projectApp.views INFO     index page is apear...
2022-11-14 19:55:44,324 projectApp.views INFO     index page is apear...
2022-11-15 12:02:17,261 django.utils.autoreload INFO     Watching for file changes with StatReloader
2022-11-15 12:03:16,675 django.request ERROR    Internal Server Error: /
Traceback (most recent call last):
  File "C:\pythonProject\django-project\venv1\lib\site-packages\django\core\handlers\exception.py", line 55, in inner
    response = get_response(request)
  File "C:\pythonProject\django-project\venv1\lib\site-packages\django\core\handlers\base.py", line 197, in _get_response
    response = wrapped_callback(request, *callback_args, **callback_kwargs)
  File "C:\pythonProject\django-project\sopGenerator\projectApp\views.py", line 12, in index
    date_obj = datetime.strptime(date_str).time()
AttributeError: module 'datetime' has no attribute 'strptime'
2022-11-15 12:03:16,842 django.request WARNING  Not Found: /favicon.ico
2022-11-15 12:04:27,677 django.utils.autoreload INFO     C:\pythonProject\django-project\sopGenerator\projectApp\views.py changed, reloading.
2022-11-15 12:04:28,533 django.utils.autoreload INFO     Watching for file changes with StatReloader
2022-11-15 12:04:52,537 django.utils.autoreload INFO     C:\pythonProject\django-project\sopGenerator\projectApp\views.py changed, reloading.
2022-11-15 12:04:53,504 django.utils.autoreload INFO     Watching for file changes with StatReloader
2022-11-15 12:04:59,623 django.request ERROR    Internal Server Error: /
Traceback (most recent call last):
  File "C:\pythonProject\django-project\venv1\lib\site-packages\django\core\handlers\exception.py", line 55, in inner
    response = get_response(request)
  File "C:\pythonProject\django-project\venv1\lib\site-packages\django\core\handlers\base.py", line 197, in _get_response
    response = wrapped_callback(request, *callback_args, **callback_kwargs)
  File "C:\pythonProject\django-project\sopGenerator\projectApp\views.py", line 12, in index
    date_obj = datetime.strptime(date_str).time()
TypeError: strptime() takes exactly 2 arguments (1 given)
2022-11-15 12:05:16,571 django.request ERROR    Internal Server Error: /
Traceback (most recent call last):
  File "C:\pythonProject\django-project\venv1\lib\site-packages\django\core\handlers\exception.py", line 55, in inner
    response = get_response(request)
  File "C:\pythonProject\django-project\venv1\lib\site-packages\django\core\handlers\base.py", line 197, in _get_response
    response = wrapped_callback(request, *callback_args, **callback_kwargs)
  File "C:\pythonProject\django-project\sopGenerator\projectApp\views.py", line 12, in index
    date_obj = datetime.strptime(date_str).time()
TypeError: strptime() takes exactly 2 arguments (1 given)
2022-11-15 12:05:33,771 django.utils.autoreload INFO     C:\pythonProject\django-project\sopGenerator\projectApp\views.py changed, reloading.
2022-11-15 12:05:34,708 django.utils.autoreload INFO     Watching for file changes with StatReloader
2022-11-15 12:05:39,937 django.request ERROR    Internal Server Error: /
Traceback (most recent call last):
  File "C:\pythonProject\django-project\venv1\lib\site-packages\django\core\handlers\exception.py", line 55, in inner
    response = get_response(request)
  File "C:\pythonProject\django-project\venv1\lib\site-packages\django\core\handlers\base.py", line 197, in _get_response
    response = wrapped_callback(request, *callback_args, **callback_kwargs)
  File "C:\pythonProject\django-project\sopGenerator\projectApp\views.py", line 12, in index
    date_obj = datetime.strptime(date_str,"").time()
  File "C:\Users\MD40092030\AppData\Local\Programs\Python\Python310\lib\_strptime.py", line 568, in _strptime_datetime
    tt, fraction, gmtoff_fraction = _strptime(data_string, format)
  File "C:\Users\MD40092030\AppData\Local\Programs\Python\Python310\lib\_strptime.py", line 352, in _strptime
    raise ValueError("unconverted data remains: %s" %
ValueError: unconverted data remains: 22-11-21 00:00:00
2022-11-15 12:06:12,978 django.utils.autoreload INFO     C:\pythonProject\django-project\sopGenerator\projectApp\views.py changed, reloading.
2022-11-15 12:06:13,719 django.utils.autoreload INFO     Watching for file changes with StatReloader
2022-11-15 12:06:19,463 django.request ERROR    Internal Server Error: /
Traceback (most recent call last):
  File "C:\pythonProject\django-project\venv1\lib\site-packages\django\core\handlers\exception.py", line 55, in inner
    response = get_response(request)
  File "C:\pythonProject\django-project\venv1\lib\site-packages\django\core\handlers\base.py", line 197, in _get_response
    response = wrapped_callback(request, *callback_args, **callback_kwargs)
  File "C:\pythonProject\django-project\sopGenerator\projectApp\views.py", line 12, in index
    date_obj = datetime.strptime(date_str,'%d/%m/%y %H:%M:%S').time()
  File "C:\Users\MD40092030\AppData\Local\Programs\Python\Python310\lib\_strptime.py", line 568, in _strptime_datetime
    tt, fraction, gmtoff_fraction = _strptime(data_string, format)
  File "C:\Users\MD40092030\AppData\Local\Programs\Python\Python310\lib\_strptime.py", line 349, in _strptime
    raise ValueError("time data %r does not match format %r" %
ValueError: time data '22-11-21 00:00:00' does not match format '%d/%m/%y %H:%M:%S'
2022-11-15 12:07:04,938 django.utils.autoreload INFO     C:\pythonProject\django-project\sopGenerator\projectApp\views.py changed, reloading.
2022-11-15 12:07:05,719 django.utils.autoreload INFO     Watching for file changes with StatReloader
2022-11-15 12:07:11,559 projectApp.views INFO     index page is apear...
2022-11-15 12:08:47,324 django.utils.autoreload INFO     C:\pythonProject\django-project\sopGenerator\projectApp\views.py changed, reloading.
2022-11-15 12:08:48,116 django.utils.autoreload INFO     Watching for file changes with StatReloader
2022-11-21 13:14:55,796 django.utils.autoreload INFO     Watching for file changes with StatReloader
2022-11-21 13:15:13,756 projectApp.views INFO     index page is apear...
2022-11-21 13:15:14,922 django.request WARNING  Not Found: /favicon.ico
2022-11-21 13:21:35,596 django.utils.autoreload INFO     C:\pythonProject\django-project\sopGenerator\projectApp\views.py changed, reloading.
2022-11-21 13:21:36,378 django.utils.autoreload INFO     Watching for file changes with StatReloader
2022-11-21 13:21:52,549 django.utils.autoreload INFO     C:\pythonProject\django-project\sopGenerator\projectApp\views.py changed, reloading.
2022-11-21 13:21:53,235 django.utils.autoreload INFO     Watching for file changes with StatReloader
2022-11-21 13:23:33,444 django.utils.autoreload INFO     C:\pythonProject\django-project\sopGenerator\projectApp\views.py changed, reloading.
2022-11-21 13:23:34,124 django.utils.autoreload INFO     Watching for file changes with StatReloader
2022-11-21 13:25:07,485 django.utils.autoreload INFO     C:\pythonProject\django-project\sopGenerator\projectApp\views.py changed, reloading.
2022-11-21 13:25:08,135 django.utils.autoreload INFO     Watching for file changes with StatReloader
2022-11-22 13:33:44,406 django.utils.autoreload INFO     Watching for file changes with StatReloader
2022-11-22 13:33:59,523 django.request WARNING  Not Found: /favicon.ico
2022-11-22 16:04:58,121 django.utils.autoreload INFO     Watching for file changes with StatReloader
